This is pdfTeX, Version 3.14159265-2.6-1.40.16 (TeX Live 2015) (preloaded format=pdflatex 2015.5.24)  22 JAN 2016 11:55
entering extended mode
 restricted \write18 enabled.
 file:line:error style messages enabled.
 %&-line parsing enabled.
**week2_HadoopCluster_assignment.tex
(./week2_HadoopCluster_assignment.tex
LaTeX2e <2015/01/01>
Babel <3.9l> and hyphenation patterns for 79 languages loaded.
(/usr/local/texlive/2015/texmf-dist/tex/latex/base/article.cls
Document Class: article 2014/09/29 v1.4h Standard LaTeX document class
(/usr/local/texlive/2015/texmf-dist/tex/latex/base/size10.clo
File: size10.clo 2014/09/29 v1.4h Standard LaTeX file (size option)
)
\c@part=\count79
\c@section=\count80
\c@subsection=\count81
\c@subsubsection=\count82
\c@paragraph=\count83
\c@subparagraph=\count84
\c@figure=\count85
\c@table=\count86
\abovecaptionskip=\skip41
\belowcaptionskip=\skip42
\bibindent=\dimen102
)
(/usr/local/texlive/2015/texmf-dist/tex/latex/graphics/color.sty
Package: color 2014/10/28 v1.1a Standard LaTeX Color (DPC)

(/usr/local/texlive/2015/texmf-dist/tex/latex/latexconfig/color.cfg
File: color.cfg 2007/01/18 v1.5 color configuration of teTeX/TeXLive
)
Package color Info: Driver file: pdftex.def on input line 142.

(/usr/local/texlive/2015/texmf-dist/tex/latex/pdftex-def/pdftex.def
File: pdftex.def 2011/05/27 v0.06d Graphics/color for pdfTeX

(/usr/local/texlive/2015/texmf-dist/tex/generic/oberdiek/infwarerr.sty
Package: infwarerr 2010/04/08 v1.3 Providing info/warning/error messages (HO)
)
(/usr/local/texlive/2015/texmf-dist/tex/generic/oberdiek/ltxcmds.sty
Package: ltxcmds 2011/11/09 v1.22 LaTeX kernel commands for general use (HO)
)
\Gread@gobject=\count87
))
(/usr/local/texlive/2015/texmf-dist/tex/latex/amsfonts/amssymb.sty
Package: amssymb 2013/01/14 v3.01 AMS font symbols

(/usr/local/texlive/2015/texmf-dist/tex/latex/amsfonts/amsfonts.sty
Package: amsfonts 2013/01/14 v3.01 Basic AMSFonts support
\@emptytoks=\toks14
\symAMSa=\mathgroup4
\symAMSb=\mathgroup5
LaTeX Font Info:    Overwriting math alphabet `\mathfrak' in version `bold'
(Font)                  U/euf/m/n --> U/euf/b/n on input line 106.
))
(/usr/local/texlive/2015/texmf-dist/tex/latex/amsmath/amsmath.sty
Package: amsmath 2013/01/14 v2.14 AMS math features
\@mathmargin=\skip43

For additional information on amsmath, use the `?' option.
(/usr/local/texlive/2015/texmf-dist/tex/latex/amsmath/amstext.sty
Package: amstext 2000/06/29 v2.01

(/usr/local/texlive/2015/texmf-dist/tex/latex/amsmath/amsgen.sty
File: amsgen.sty 1999/11/30 v2.0
\@emptytoks=\toks15
\ex@=\dimen103
))
(/usr/local/texlive/2015/texmf-dist/tex/latex/amsmath/amsbsy.sty
Package: amsbsy 1999/11/29 v1.2d
\pmbraise@=\dimen104
)
(/usr/local/texlive/2015/texmf-dist/tex/latex/amsmath/amsopn.sty
Package: amsopn 1999/12/14 v2.01 operator names
)
\inf@bad=\count88
LaTeX Info: Redefining \frac on input line 210.
\uproot@=\count89
\leftroot@=\count90
LaTeX Info: Redefining \overline on input line 306.
\classnum@=\count91
\DOTSCASE@=\count92
LaTeX Info: Redefining \ldots on input line 378.
LaTeX Info: Redefining \dots on input line 381.
LaTeX Info: Redefining \cdots on input line 466.
\Mathstrutbox@=\box26
\strutbox@=\box27
\big@size=\dimen105
LaTeX Font Info:    Redeclaring font encoding OML on input line 566.
LaTeX Font Info:    Redeclaring font encoding OMS on input line 567.
\macc@depth=\count93
\c@MaxMatrixCols=\count94
\dotsspace@=\muskip10
\c@parentequation=\count95
\dspbrk@lvl=\count96
\tag@help=\toks16
\row@=\count97
\column@=\count98
\maxfields@=\count99
\andhelp@=\toks17
\eqnshift@=\dimen106
\alignsep@=\dimen107
\tagshift@=\dimen108
\tagwidth@=\dimen109
\totwidth@=\dimen110
\lineht@=\dimen111
\@envbody=\toks18
\multlinegap=\skip44
\multlinetaggap=\skip45
\mathdisplay@stack=\toks19
LaTeX Info: Redefining \[ on input line 2665.
LaTeX Info: Redefining \] on input line 2666.
)
(/usr/local/texlive/2015/texmf-dist/tex/latex/base/inputenc.sty
Package: inputenc 2015/03/17 v1.2c Input encoding file
\inpenc@prehook=\toks20
\inpenc@posthook=\toks21

(/usr/local/texlive/2015/texmf-dist/tex/latex/base/utf8.def
File: utf8.def 2014/09/29 v1.1m UTF-8 support for inputenc
Now handling font encoding OML ...
... no UTF-8 mapping file for font encoding OML
Now handling font encoding T1 ...
... processing UTF-8 mapping file for font encoding T1

(/usr/local/texlive/2015/texmf-dist/tex/latex/base/t1enc.dfu
File: t1enc.dfu 2014/09/29 v1.1m UTF-8 support for inputenc
   defining Unicode char U+00A1 (decimal 161)
   defining Unicode char U+00A3 (decimal 163)
   defining Unicode char U+00AB (decimal 171)
   defining Unicode char U+00BB (decimal 187)
   defining Unicode char U+00BF (decimal 191)
   defining Unicode char U+00C0 (decimal 192)
   defining Unicode char U+00C1 (decimal 193)
   defining Unicode char U+00C2 (decimal 194)
   defining Unicode char U+00C3 (decimal 195)
   defining Unicode char U+00C4 (decimal 196)
   defining Unicode char U+00C5 (decimal 197)
   defining Unicode char U+00C6 (decimal 198)
   defining Unicode char U+00C7 (decimal 199)
   defining Unicode char U+00C8 (decimal 200)
   defining Unicode char U+00C9 (decimal 201)
   defining Unicode char U+00CA (decimal 202)
   defining Unicode char U+00CB (decimal 203)
   defining Unicode char U+00CC (decimal 204)
   defining Unicode char U+00CD (decimal 205)
   defining Unicode char U+00CE (decimal 206)
   defining Unicode char U+00CF (decimal 207)
   defining Unicode char U+00D0 (decimal 208)
   defining Unicode char U+00D1 (decimal 209)
   defining Unicode char U+00D2 (decimal 210)
   defining Unicode char U+00D3 (decimal 211)
   defining Unicode char U+00D4 (decimal 212)
   defining Unicode char U+00D5 (decimal 213)
   defining Unicode char U+00D6 (decimal 214)
   defining Unicode char U+00D8 (decimal 216)
   defining Unicode char U+00D9 (decimal 217)
   defining Unicode char U+00DA (decimal 218)
   defining Unicode char U+00DB (decimal 219)
   defining Unicode char U+00DC (decimal 220)
   defining Unicode char U+00DD (decimal 221)
   defining Unicode char U+00DE (decimal 222)
   defining Unicode char U+00DF (decimal 223)
   defining Unicode char U+00E0 (decimal 224)
   defining Unicode char U+00E1 (decimal 225)
   defining Unicode char U+00E2 (decimal 226)
   defining Unicode char U+00E3 (decimal 227)
   defining Unicode char U+00E4 (decimal 228)
   defining Unicode char U+00E5 (decimal 229)
   defining Unicode char U+00E6 (decimal 230)
   defining Unicode char U+00E7 (decimal 231)
   defining Unicode char U+00E8 (decimal 232)
   defining Unicode char U+00E9 (decimal 233)
   defining Unicode char U+00EA (decimal 234)
   defining Unicode char U+00EB (decimal 235)
   defining Unicode char U+00EC (decimal 236)
   defining Unicode char U+00ED (decimal 237)
   defining Unicode char U+00EE (decimal 238)
   defining Unicode char U+00EF (decimal 239)
   defining Unicode char U+00F0 (decimal 240)
   defining Unicode char U+00F1 (decimal 241)
   defining Unicode char U+00F2 (decimal 242)
   defining Unicode char U+00F3 (decimal 243)
   defining Unicode char U+00F4 (decimal 244)
   defining Unicode char U+00F5 (decimal 245)
   defining Unicode char U+00F6 (decimal 246)
   defining Unicode char U+00F8 (decimal 248)
   defining Unicode char U+00F9 (decimal 249)
   defining Unicode char U+00FA (decimal 250)
   defining Unicode char U+00FB (decimal 251)
   defining Unicode char U+00FC (decimal 252)
   defining Unicode char U+00FD (decimal 253)
   defining Unicode char U+00FE (decimal 254)
   defining Unicode char U+00FF (decimal 255)
   defining Unicode char U+0102 (decimal 258)
   defining Unicode char U+0103 (decimal 259)
   defining Unicode char U+0104 (decimal 260)
   defining Unicode char U+0105 (decimal 261)
   defining Unicode char U+0106 (decimal 262)
   defining Unicode char U+0107 (decimal 263)
   defining Unicode char U+010C (decimal 268)
   defining Unicode char U+010D (decimal 269)
   defining Unicode char U+010E (decimal 270)
   defining Unicode char U+010F (decimal 271)
   defining Unicode char U+0110 (decimal 272)
   defining Unicode char U+0111 (decimal 273)
   defining Unicode char U+0118 (decimal 280)
   defining Unicode char U+0119 (decimal 281)
   defining Unicode char U+011A (decimal 282)
   defining Unicode char U+011B (decimal 283)
   defining Unicode char U+011E (decimal 286)
   defining Unicode char U+011F (decimal 287)
   defining Unicode char U+0130 (decimal 304)
   defining Unicode char U+0131 (decimal 305)
   defining Unicode char U+0132 (decimal 306)
   defining Unicode char U+0133 (decimal 307)
   defining Unicode char U+0139 (decimal 313)
   defining Unicode char U+013A (decimal 314)
   defining Unicode char U+013D (decimal 317)
   defining Unicode char U+013E (decimal 318)
   defining Unicode char U+0141 (decimal 321)
   defining Unicode char U+0142 (decimal 322)
   defining Unicode char U+0143 (decimal 323)
   defining Unicode char U+0144 (decimal 324)
   defining Unicode char U+0147 (decimal 327)
   defining Unicode char U+0148 (decimal 328)
   defining Unicode char U+014A (decimal 330)
   defining Unicode char U+014B (decimal 331)
   defining Unicode char U+0150 (decimal 336)
   defining Unicode char U+0151 (decimal 337)
   defining Unicode char U+0152 (decimal 338)
   defining Unicode char U+0153 (decimal 339)
   defining Unicode char U+0154 (decimal 340)
   defining Unicode char U+0155 (decimal 341)
   defining Unicode char U+0158 (decimal 344)
   defining Unicode char U+0159 (decimal 345)
   defining Unicode char U+015A (decimal 346)
   defining Unicode char U+015B (decimal 347)
   defining Unicode char U+015E (decimal 350)
   defining Unicode char U+015F (decimal 351)
   defining Unicode char U+0160 (decimal 352)
   defining Unicode char U+0161 (decimal 353)
   defining Unicode char U+0162 (decimal 354)
   defining Unicode char U+0163 (decimal 355)
   defining Unicode char U+0164 (decimal 356)
   defining Unicode char U+0165 (decimal 357)
   defining Unicode char U+016E (decimal 366)
   defining Unicode char U+016F (decimal 367)
   defining Unicode char U+0170 (decimal 368)
   defining Unicode char U+0171 (decimal 369)
   defining Unicode char U+0178 (decimal 376)
   defining Unicode char U+0179 (decimal 377)
   defining Unicode char U+017A (decimal 378)
   defining Unicode char U+017B (decimal 379)
   defining Unicode char U+017C (decimal 380)
   defining Unicode char U+017D (decimal 381)
   defining Unicode char U+017E (decimal 382)
   defining Unicode char U+200C (decimal 8204)
   defining Unicode char U+2013 (decimal 8211)
   defining Unicode char U+2014 (decimal 8212)
   defining Unicode char U+2018 (decimal 8216)
   defining Unicode char U+2019 (decimal 8217)
   defining Unicode char U+201A (decimal 8218)
   defining Unicode char U+201C (decimal 8220)
   defining Unicode char U+201D (decimal 8221)
   defining Unicode char U+201E (decimal 8222)
   defining Unicode char U+2030 (decimal 8240)
   defining Unicode char U+2031 (decimal 8241)
   defining Unicode char U+2039 (decimal 8249)
   defining Unicode char U+203A (decimal 8250)
   defining Unicode char U+2423 (decimal 9251)
)
Now handling font encoding OT1 ...
... processing UTF-8 mapping file for font encoding OT1

(/usr/local/texlive/2015/texmf-dist/tex/latex/base/ot1enc.dfu
File: ot1enc.dfu 2014/09/29 v1.1m UTF-8 support for inputenc
   defining Unicode char U+00A1 (decimal 161)
   defining Unicode char U+00A3 (decimal 163)
   defining Unicode char U+00B8 (decimal 184)
   defining Unicode char U+00BF (decimal 191)
   defining Unicode char U+00C5 (decimal 197)
   defining Unicode char U+00C6 (decimal 198)
   defining Unicode char U+00D8 (decimal 216)
   defining Unicode char U+00DF (decimal 223)
   defining Unicode char U+00E6 (decimal 230)
   defining Unicode char U+00EC (decimal 236)
   defining Unicode char U+00ED (decimal 237)
   defining Unicode char U+00EE (decimal 238)
   defining Unicode char U+00EF (decimal 239)
   defining Unicode char U+00F8 (decimal 248)
   defining Unicode char U+0131 (decimal 305)
   defining Unicode char U+0141 (decimal 321)
   defining Unicode char U+0142 (decimal 322)
   defining Unicode char U+0152 (decimal 338)
   defining Unicode char U+0153 (decimal 339)
   defining Unicode char U+2013 (decimal 8211)
   defining Unicode char U+2014 (decimal 8212)
   defining Unicode char U+2018 (decimal 8216)
   defining Unicode char U+2019 (decimal 8217)
   defining Unicode char U+201C (decimal 8220)
   defining Unicode char U+201D (decimal 8221)
)
Now handling font encoding OMS ...
... processing UTF-8 mapping file for font encoding OMS

(/usr/local/texlive/2015/texmf-dist/tex/latex/base/omsenc.dfu
File: omsenc.dfu 2014/09/29 v1.1m UTF-8 support for inputenc
   defining Unicode char U+00A7 (decimal 167)
   defining Unicode char U+00B6 (decimal 182)
   defining Unicode char U+00B7 (decimal 183)
   defining Unicode char U+2020 (decimal 8224)
   defining Unicode char U+2021 (decimal 8225)
   defining Unicode char U+2022 (decimal 8226)
)
Now handling font encoding OMX ...
... no UTF-8 mapping file for font encoding OMX
Now handling font encoding U ...
... no UTF-8 mapping file for font encoding U
   defining Unicode char U+00A9 (decimal 169)
   defining Unicode char U+00AA (decimal 170)
   defining Unicode char U+00AE (decimal 174)
   defining Unicode char U+00BA (decimal 186)
   defining Unicode char U+02C6 (decimal 710)
   defining Unicode char U+02DC (decimal 732)
   defining Unicode char U+200C (decimal 8204)
   defining Unicode char U+2026 (decimal 8230)
   defining Unicode char U+2122 (decimal 8482)
   defining Unicode char U+2423 (decimal 9251)
))
(/usr/local/texlive/2015/texmf-dist/tex/latex/geometry/geometry.sty
Package: geometry 2010/09/12 v5.6 Page Geometry

(/usr/local/texlive/2015/texmf-dist/tex/latex/graphics/keyval.sty
Package: keyval 2014/10/28 v1.15 key=value parser (DPC)
\KV@toks@=\toks22
)
(/usr/local/texlive/2015/texmf-dist/tex/generic/oberdiek/ifpdf.sty
Package: ifpdf 2011/01/30 v2.3 Provides the ifpdf switch (HO)
Package ifpdf Info: pdfTeX in PDF mode is detected.
)
(/usr/local/texlive/2015/texmf-dist/tex/generic/oberdiek/ifvtex.sty
Package: ifvtex 2010/03/01 v1.5 Detect VTeX and its facilities (HO)
Package ifvtex Info: VTeX not detected.
)
(/usr/local/texlive/2015/texmf-dist/tex/generic/ifxetex/ifxetex.sty
Package: ifxetex 2010/09/12 v0.6 Provides ifxetex conditional
)
\Gm@cnth=\count100
\Gm@cntv=\count101
\c@Gm@tempcnt=\count102
\Gm@bindingoffset=\dimen112
\Gm@wd@mp=\dimen113
\Gm@odd@mp=\dimen114
\Gm@even@mp=\dimen115
\Gm@layoutwidth=\dimen116
\Gm@layoutheight=\dimen117
\Gm@layouthoffset=\dimen118
\Gm@layoutvoffset=\dimen119
\Gm@dimlist=\toks23
)
(/usr/local/texlive/2015/texmf-dist/tex/latex/graphics/graphicx.sty
Package: graphicx 2014/10/28 v1.0g Enhanced LaTeX Graphics (DPC,SPQR)

(/usr/local/texlive/2015/texmf-dist/tex/latex/graphics/graphics.sty
Package: graphics 2014/10/28 v1.0p Standard LaTeX Graphics (DPC,SPQR)

(/usr/local/texlive/2015/texmf-dist/tex/latex/graphics/trig.sty
Package: trig 1999/03/16 v1.09 sin cos tan (DPC)
)
(/usr/local/texlive/2015/texmf-dist/tex/latex/latexconfig/graphics.cfg
File: graphics.cfg 2010/04/23 v1.9 graphics configuration of TeX Live
)
Package graphics Info: Driver file: pdftex.def on input line 94.
)
\Gin@req@height=\dimen120
\Gin@req@width=\dimen121
)
(/usr/local/texlive/2015/texmf-dist/tex/latex/wrapfig/wrapfig.sty
\wrapoverhang=\dimen122
\WF@size=\dimen123
\c@WF@wrappedlines=\count103
\WF@box=\box28
\WF@everypar=\toks24
Package: wrapfig 2003/01/31  v 3.6
)
(./week2_HadoopCluster_assignment.aux)
\openout1 = `week2_HadoopCluster_assignment.aux'.

LaTeX Font Info:    Checking defaults for OML/cmm/m/it on input line 8.
LaTeX Font Info:    ... okay on input line 8.
LaTeX Font Info:    Checking defaults for T1/cmr/m/n on input line 8.
LaTeX Font Info:    ... okay on input line 8.
LaTeX Font Info:    Checking defaults for OT1/cmr/m/n on input line 8.
LaTeX Font Info:    ... okay on input line 8.
LaTeX Font Info:    Checking defaults for OMS/cmsy/m/n on input line 8.
LaTeX Font Info:    ... okay on input line 8.
LaTeX Font Info:    Checking defaults for OMX/cmex/m/n on input line 8.
LaTeX Font Info:    ... okay on input line 8.
LaTeX Font Info:    Checking defaults for U/cmr/m/n on input line 8.
LaTeX Font Info:    ... okay on input line 8.

(/usr/local/texlive/2015/texmf-dist/tex/context/base/supp-pdf.mkii
[Loading MPS to PDF converter (version 2006.09.02).]
\scratchcounter=\count104
\scratchdimen=\dimen124
\scratchbox=\box29
\nofMPsegments=\count105
\nofMParguments=\count106
\everyMPshowfont=\toks25
\MPscratchCnt=\count107
\MPscratchDim=\dimen125
\MPnumerator=\count108
\makeMPintoPDFobject=\count109
\everyMPtoPDFconversion=\toks26
)
*geometry* driver: auto-detecting
*geometry* detected driver: pdftex
*geometry* verbose mode - [ preamble ] result:
* driver: pdftex
* paper: letterpaper
* layout: <same size as paper>
* layoutoffset:(h,v)=(0.0pt,0.0pt)
* modes: 
* h-part:(L,W,R)=(72.26999pt, 469.75502pt, 72.26999pt)
* v-part:(T,H,B)=(72.26999pt, 650.43001pt, 72.26999pt)
* \paperwidth=614.295pt
* \paperheight=794.96999pt
* \textwidth=469.75502pt
* \textheight=650.43001pt
* \oddsidemargin=0.0pt
* \evensidemargin=0.0pt
* \topmargin=-37.0pt
* \headheight=12.0pt
* \headsep=25.0pt
* \topskip=10.0pt
* \footskip=30.0pt
* \marginparwidth=65.0pt
* \marginparsep=11.0pt
* \columnsep=10.0pt
* \skip\footins=9.0pt plus 4.0pt minus 2.0pt
* \hoffset=0.0pt
* \voffset=0.0pt
* \mag=1000
* \@twocolumnfalse
* \@twosidefalse
* \@mparswitchfalse
* \@reversemarginfalse
* (1in=72.27pt=25.4mm, 1cm=28.453pt)

(/usr/local/texlive/2015/texmf-dist/tex/generic/oberdiek/pdftexcmds.sty
Package: pdftexcmds 2011/11/29 v0.20 Utility functions of pdfTeX for LuaTeX (HO
)

(/usr/local/texlive/2015/texmf-dist/tex/generic/oberdiek/ifluatex.sty
Package: ifluatex 2010/03/01 v1.3 Provides the ifluatex switch (HO)
Package ifluatex Info: LuaTeX not detected.
)
Package pdftexcmds Info: LuaTeX not detected.
Package pdftexcmds Info: \pdf@primitive is available.
Package pdftexcmds Info: \pdf@ifprimitive is available.
Package pdftexcmds Info: \pdfdraftmode found.
)
(/usr/local/texlive/2015/texmf-dist/tex/latex/oberdiek/epstopdf-base.sty
Package: epstopdf-base 2010/02/09 v2.5 Base part for package epstopdf

(/usr/local/texlive/2015/texmf-dist/tex/latex/oberdiek/grfext.sty
Package: grfext 2010/08/19 v1.1 Manage graphics extensions (HO)

(/usr/local/texlive/2015/texmf-dist/tex/generic/oberdiek/kvdefinekeys.sty
Package: kvdefinekeys 2011/04/07 v1.3 Define keys (HO)
))
(/usr/local/texlive/2015/texmf-dist/tex/latex/oberdiek/kvoptions.sty
Package: kvoptions 2011/06/30 v3.11 Key value format for package options (HO)

(/usr/local/texlive/2015/texmf-dist/tex/generic/oberdiek/kvsetkeys.sty
Package: kvsetkeys 2012/04/25 v1.16 Key value parser (HO)

(/usr/local/texlive/2015/texmf-dist/tex/generic/oberdiek/etexcmds.sty
Package: etexcmds 2011/02/16 v1.5 Avoid name clashes with e-TeX commands (HO)
Package etexcmds Info: Could not find \expanded.
(etexcmds)             That can mean that you are not using pdfTeX 1.50 or
(etexcmds)             that some package has redefined \expanded.
(etexcmds)             In the latter case, load this package earlier.
)))
Package grfext Info: Graphics extension search list:
(grfext)             [.png,.pdf,.jpg,.mps,.jpeg,.jbig2,.jb2,.PNG,.PDF,.JPG,.JPE
G,.JBIG2,.JB2,.eps]
(grfext)             \AppendGraphicsExtensions on input line 452.

(/usr/local/texlive/2015/texmf-dist/tex/latex/latexconfig/epstopdf-sys.cfg
File: epstopdf-sys.cfg 2010/07/13 v1.3 Configuration of (r)epstopdf for TeX Liv
e
))
Underfull \hbox (badness 10000) in paragraph at lines 10--12

 []

LaTeX Font Info:    Try loading font information for OMS+cmr on input line 14.
(/usr/local/texlive/2015/texmf-dist/tex/latex/base/omscmr.fd
File: omscmr.fd 2014/09/29 v2.5h Standard LaTeX font definitions
)
LaTeX Font Info:    Font shape `OMS/cmr/m/n' in size <10> not available
(Font)              Font shape `OMS/cmsy/m/n' tried instead on input line 14.

Overfull \hbox (10.57854pt too wide) in paragraph at lines 18--19
[]\OT1/cmr/m/n/10 installing Java (by in-stalling Java be-fore cop-ing the ma-c
hine this also saves on hav-ing to run []\OT1/cmtt/m/n/10 alternatives
 []

<ip_a.png, id=1, 835.12pt x 557.08125pt>
File: ip_a.png Graphic file (type png)
 <use ip_a.png>
Package pdftex.def Info: ip_a.png used on input line 37.
(pdftex.def)             Requested size: 308.98956pt x 206.11684pt.
 [1

{/usr/local/texlive/2015/texmf-var/fonts/map/pdftex/updmap/pdftex.map} <./ip_a.
png>]
<etc_hosts.png, id=13, 835.12pt x 557.08125pt>
File: etc_hosts.png Graphic file (type png)
 <use etc_hosts.png>
Package pdftex.def Info: etc_hosts.png used on input line 42.
(pdftex.def)             Requested size: 227.62204pt x 151.83351pt.

<nmtui.png, id=14, 835.12pt x 557.08125pt>
File: nmtui.png Graphic file (type png)
 <use nmtui.png>
Package pdftex.def Info: nmtui.png used on input line 44.
(pdftex.def)             Requested size: 227.62204pt x 151.83351pt.

Overfull \hbox (0.48906pt too wide) in paragraph at lines 42--45
[][] [] 
 []

<alternatives.png, id=15, 835.12pt x 557.08125pt>
File: alternatives.png Graphic file (type png)
 <use alternatives.png>
Package pdftex.def Info: alternatives.png used on input line 48.
(pdftex.def)             Requested size: 227.62204pt x 151.83351pt.

<ln_s.png, id=16, 835.12pt x 557.08125pt>
File: ln_s.png Graphic file (type png)
 <use ln_s.png>
Package pdftex.def Info: ln_s.png used on input line 50.
(pdftex.def)             Requested size: 227.62204pt x 151.83351pt.

Overfull \hbox (0.48906pt too wide) in paragraph at lines 48--51
[][] [] 
 []

<environment.png, id=17, 835.12pt x 557.08125pt>
File: environment.png Graphic file (type png)
 <use environment.png>
Package pdftex.def Info: environment.png used on input line 54.
(pdftex.def)             Requested size: 227.62204pt x 151.83351pt.

<hadoop_link.png, id=18, 835.12pt x 557.08125pt>
File: hadoop_link.png Graphic file (type png)
 <use hadoop_link.png>
Package pdftex.def Info: hadoop_link.png used on input line 56.
(pdftex.def)             Requested size: 227.62204pt x 151.83351pt.

Overfull \hbox (0.48906pt too wide) in paragraph at lines 54--57
[][] [] 
 []

<datanode_tmp.png, id=19, 835.12pt x 557.08125pt>
File: datanode_tmp.png Graphic file (type png)
 <use datanode_tmp.png>
Package pdftex.def Info: datanode_tmp.png used on input line 60.
(pdftex.def)             Requested size: 227.62204pt x 151.83351pt.

<hadoop_perm.png, id=20, 835.12pt x 557.08125pt>
File: hadoop_perm.png Graphic file (type png)
 <use hadoop_perm.png>
Package pdftex.def Info: hadoop_perm.png used on input line 62.
(pdftex.def)             Requested size: 227.62204pt x 151.83351pt.

Overfull \hbox (0.48906pt too wide) in paragraph at lines 60--63
[][] [] 
 []

[2 <./etc_hosts.png> <./nmtui.png> <./alternatives.png> <./ln_s.png> <./environ
ment.png> <./hadoop_link.png>] <core-site.png, id=30, 835.12pt x 557.08125pt>
File: core-site.png Graphic file (type png)

<use core-site.png>
Package pdftex.def Info: core-site.png used on input line 66.
(pdftex.def)             Requested size: 227.62204pt x 151.83351pt.
 <hdfs-site.png, id=31, 835.12pt x 557.08125pt>
File: hdfs-site.png Graphic file (type png)

<use hdfs-site.png>
Package pdftex.def Info: hdfs-site.png used on input line 68.
(pdftex.def)             Requested size: 227.62204pt x 151.83351pt.

Overfull \hbox (0.48906pt too wide) in paragraph at lines 66--69
[][] [] 
 []

<clone1.png, id=32, 614.295pt x 452.69125pt>
File: clone1.png Graphic file (type png)
 <use clone1.png>
Package pdftex.def Info: clone1.png used on input line 72.
(pdftex.def)             Requested size: 227.62204pt x 167.7418pt.

<change_ip.png, id=33, 835.12pt x 557.08125pt>
File: change_ip.png Graphic file (type png)
 <use change_ip.png>
Package pdftex.def Info: change_ip.png used on input line 74.
(pdftex.def)             Requested size: 227.62204pt x 151.83351pt.

Overfull \hbox (0.48906pt too wide) in paragraph at lines 72--75
[][] [] 
 []

<success_ping.png, id=34, 1113.15875pt x 537.00626pt>
File: success_ping.png Graphic file (type png)
 <use success_ping.png>
Package pdftex.def Info: success_ping.png used on input line 78.
(pdftex.def)             Requested size: 411.86229pt x 198.6892pt.

<nat_network.png, id=35, 664.4825pt x 492.84125pt>
File: nat_network.png Graphic file (type png)
 <use nat_network.png>
Package pdftex.def Info: nat_network.png used on input line 83.
(pdftex.def)             Requested size: 245.85468pt x 182.34839pt.

<copy_ssh.png, id=36, 1248.665pt x 882.29625pt>
File: copy_ssh.png Graphic file (type png)
 <use copy_ssh.png>
Package pdftex.def Info: copy_ssh.png used on input line 88.
(pdftex.def)             Requested size: 461.99883pt x 326.4445pt.
 [3 <./datanode_tmp.png> <./hadoop_perm.png> <./core-site.png> <./hdfs-site.png
> <./clone1.png> <./change_ip.png>] [4 <./success_ping.png> <./nat_network.png>
]
<master_config1.png, id=51, 558.085pt x 298.11375pt>
File: master_config1.png Graphic file (type png)
 <use master_config1.png>
Package pdftex.def Info: master_config1.png used on input line 93.
(pdftex.def)             Requested size: 227.62204pt x 121.59059pt.

<master_config2.png, id=52, 469.755pt x 294.09875pt>
File: master_config2.png Graphic file (type png)
 <use master_config2.png>
Package pdftex.def Info: master_config2.png used on input line 95.
(pdftex.def)             Requested size: 227.62204pt x 142.50757pt.

Overfull \hbox (0.48906pt too wide) in paragraph at lines 93--96
[][] [] 
 []


Overfull \hbox (11.4629pt too wide) in paragraph at lines 97--98
\OT1/cmr/m/n/10 When I ran the []\OT1/cmtt/m/n/10 start-dfs.sh \OT1/cmr/m/n/10 
script, I re-ceived an er-ror about []\OT1/cmtt/m/n/10 localhost: Host key veri
fication failed.\OT1/cmr/m/n/10 .
 []

<namenode_format.png, id=53, 568.1225pt x 302.12875pt>
File: namenode_format.png Graphic file (type png)

<use namenode_format.png>
Package pdftex.def Info: namenode_format.png used on input line 99.
(pdftex.def)             Requested size: 227.62204pt x 121.0522pt.
 <start-dfs.png, id=54, 616.3025pt x 322.20375pt>
File: start-dfs.png Graphic file (type png)

<use start-dfs.png>
Package pdftex.def Info: start-dfs.png used on input line 101.
(pdftex.def)             Requested size: 227.62204pt x 118.9972pt.

Overfull \hbox (0.48906pt too wide) in paragraph at lines 99--102
[][] [] 
 []

[5 <./copy_ssh.png> <./master_config1.png> <./master_config2.png>]
<log_error1.png, id=61, 1454.43375pt x 79.29625pt>
File: log_error1.png Graphic file (type png)
 <use log_error1.png>
Package pdftex.def Info: log_error1.png used on input line 105.
(pdftex.def)             Requested size: 538.13206pt x 29.33914pt.

Overfull \hbox (68.37704pt too wide) in paragraph at lines 105--107
 [][] 
 []

<success_start.png, id=62, 891.33pt x 391.4625pt>
File: success_start.png Graphic file (type png)
 <use success_start.png>
Package pdftex.def Info: success_start.png used on input line 110.
(pdftex.def)             Requested size: 329.78694pt x 144.83885pt.

<wordcount1.png, id=63, 1047.915pt x 706.64pt>
File: wordcount1.png Graphic file (type png)
 <use wordcount1.png>
Package pdftex.def Info: wordcount1.png used on input line 115.
(pdftex.def)             Requested size: 387.72247pt x 261.4527pt.

<wordcount2.png, id=64, 711.65875pt x 856.19875pt>
File: wordcount2.png Graphic file (type png)
 <use wordcount2.png>
Package pdftex.def Info: wordcount2.png used on input line 120.
(pdftex.def)             Requested size: 263.30962pt x 316.78857pt.

[6 <./namenode_format.png> <./start-dfs.png> <./log_error1.png> <./success_star
t.png>] [7 <./wordcount1.png> <./wordcount2.png>]
<host_error.png, id=78, 933.4875pt x 317.185pt>
File: host_error.png Graphic file (type png)
 <use host_error.png>
Package pdftex.def Info: host_error.png used on input line 125.
(pdftex.def)             Requested size: 284.52756pt x 96.67593pt.

<etc_hosts_error.png, id=79, 567.11874pt x 110.4125pt>
File: etc_hosts_error.png Graphic file (type png)

<use etc_hosts_error.png>
Package pdftex.def Info: etc_hosts_error.png used on input line 127.
(pdftex.def)             Requested size: 170.71652pt x 33.23688pt.

Overfull \hbox (0.48906pt too wide) in paragraph at lines 125--128
[][] [] 
 []

<final_output.png, id=80, 688.5725pt x 421.575pt>
File: final_output.png Graphic file (type png)
 <use final_output.png>
Package pdftex.def Info: final_output.png used on input line 131.
(pdftex.def)             Requested size: 227.62204pt x 139.35818pt.

<final_jps.png, id=81, 540.0175pt x 348.30125pt>
File: final_jps.png Graphic file (type png)
 <use final_jps.png>
Package pdftex.def Info: final_jps.png used on input line 133.
(pdftex.def)             Requested size: 227.62204pt x 146.81168pt.

Overfull \hbox (0.48906pt too wide) in paragraph at lines 131--134
[][] [] 
 []


Overfull \hbox (0.84781pt too wide) in paragraph at lines 137--139
\OT1/cmr/m/n/10 Stackoverflow.com, 2013. Re-trieved from http://stackoverflow.c
om/questions/19085978/data-node-does-not-
 []


Overfull \hbox (20.04236pt too wide) in paragraph at lines 137--139
\OT1/cmr/m/n/10 Stackoverflow.com, 2015. Re-trieved from http://stackoverflow.c
om/questions/30521474/hadoop-hdfs-formatting-
 []

[8 <./host_error.png> <./etc_hosts_error.png> <./final_output.png> <./final_jps
.png>] (./week2_HadoopCluster_assignment.aux) ) 
Here is how much of TeX's memory you used:
 3273 strings out of 493089
 44208 string characters out of 6134842
 113362 words of memory out of 5000000
 6688 multiletter control sequences out of 15000+600000
 4413 words of font info for 17 fonts, out of 8000000 for 9000
 1141 hyphenation exceptions out of 8191
 37i,8n,32p,1346b,229s stack positions out of 5000i,500n,10000p,200000b,80000s
</usr/local/texlive/2015/texmf-d
ist/fonts/type1/public/amsfonts/cm/cmbx12.pfb></usr/local/texlive/2015/texmf-di
st/fonts/type1/public/amsfonts/cm/cmr10.pfb></usr/local/texlive/2015/texmf-dist
/fonts/type1/public/amsfonts/cm/cmsy10.pfb></usr/local/texlive/2015/texmf-dist/
fonts/type1/public/amsfonts/cm/cmtt10.pfb>
Output written on week2_HadoopCluster_assignment.pdf (8 pages, 1420862 bytes).
PDF statistics:
 104 PDF objects out of 1000 (max. 8388607)
 33 compressed objects within 1 object stream
 0 named destinations out of 1000 (max. 500000)
 141 words of extra memory for PDF output out of 10000 (max. 10000000)

